Using pre-set license
Built from '2021.3/staging' branch; Version is '2021.3.24f1 (cf10dcf7010d) revision 13570268'; Using compiler version '192829333'; Build Type 'Release'
OS: 'Windows 10  (10.0.19044) 64bit Core' Language: 'ru' Physical Memory: 7068 MB
BatchMode: 1, IsHumanControllingUs: 0, StartBugReporterOnCrash: 0, Is64bit: 1, IsPro: 1

COMMAND LINE ARGUMENTS:
D:\2021.3.24f1\Editor\Unity.exe
-adb2
-batchMode
-noUpm
-name
AssetImportWorker4
-projectPath
D:/github/monopoly/Monopoly Fortune
-logFile
Logs/AssetImportWorker4.log
-srvPort
53663
Successfully changed project path to: D:/github/monopoly/Monopoly Fortune
D:/github/monopoly/Monopoly Fortune
[UnityMemory] Configuration Parameters - Can be set up in boot.config
    "memorysetup-bucket-allocator-granularity=16"
    "memorysetup-bucket-allocator-bucket-count=8"
    "memorysetup-bucket-allocator-block-size=33554432"
    "memorysetup-bucket-allocator-block-count=8"
    "memorysetup-main-allocator-block-size=16777216"
    "memorysetup-thread-allocator-block-size=16777216"
    "memorysetup-gfx-main-allocator-block-size=16777216"
    "memorysetup-gfx-thread-allocator-block-size=16777216"
    "memorysetup-cache-allocator-block-size=4194304"
    "memorysetup-typetree-allocator-block-size=2097152"
    "memorysetup-profiler-bucket-allocator-granularity=16"
    "memorysetup-profiler-bucket-allocator-bucket-count=8"
    "memorysetup-profiler-bucket-allocator-block-size=33554432"
    "memorysetup-profiler-bucket-allocator-block-count=8"
    "memorysetup-profiler-allocator-block-size=16777216"
    "memorysetup-profiler-editor-allocator-block-size=1048576"
    "memorysetup-temp-allocator-size-main=16777216"
    "memorysetup-job-temp-allocator-block-size=2097152"
    "memorysetup-job-temp-allocator-block-size-background=1048576"
    "memorysetup-job-temp-allocator-reduction-small-platforms=262144"
    "memorysetup-temp-allocator-size-background-worker=32768"
    "memorysetup-temp-allocator-size-job-worker=262144"
    "memorysetup-temp-allocator-size-preload-manager=33554432"
    "memorysetup-temp-allocator-size-nav-mesh-worker=65536"
    "memorysetup-temp-allocator-size-audio-worker=65536"
    "memorysetup-temp-allocator-size-cloud-worker=32768"
    "memorysetup-temp-allocator-size-gi-baking-worker=262144"
    "memorysetup-temp-allocator-size-gfx=262144"
Player connection [5824] Host "[IP] 26.26.205.155 [Port] 0 [Flags] 2 [Guid] 1357933499 [EditorId] 1357933499 [Version] 1048832 [Id] WindowsEditor(7,DESKTOP-TI2IGHK) [Debug] 1 [PackageName] WindowsEditor [ProjectName] Editor" joined multi-casting on [225.0.0.222:54997]...

Player connection [5824] Host "[IP] 26.26.205.155 [Port] 0 [Flags] 2 [Guid] 1357933499 [EditorId] 1357933499 [Version] 1048832 [Id] WindowsEditor(7,DESKTOP-TI2IGHK) [Debug] 1 [PackageName] WindowsEditor [ProjectName] Editor" joined alternative multi-casting on [225.0.0.222:34997]...

Refreshing native plugins compatible for Editor in 439.90 ms, found 3 plugins.
Preloading 0 native plugins for Editor in 0.00 ms.
Initialize engine version: 2021.3.24f1 (cf10dcf7010d)
[Subsystems] Discovering subsystems at path D:/2021.3.24f1/Editor/Data/Resources/UnitySubsystems
[Subsystems] Discovering subsystems at path D:/github/monopoly/Monopoly Fortune/Assets
GfxDevice: creating device client; threaded=0; jobified=0
Direct3D:
    Version:  Direct3D 11.0 [level 11.1]
    Renderer: Radeon RX 560 Series (ID=0x67ef)
    Vendor:   ATI
    VRAM:     4074 MB
    Driver:   31.0.12027.9001
Initialize mono
Mono path[0] = 'D:/2021.3.24f1/Editor/Data/Managed'
Mono path[1] = 'D:/2021.3.24f1/Editor/Data/MonoBleedingEdge/lib/mono/unityjit-win32'
Mono config path = 'D:/2021.3.24f1/Editor/Data/MonoBleedingEdge/etc'
Using monoOptions --debugger-agent=transport=dt_socket,embedding=1,server=y,suspend=n,address=127.0.0.1:56144
Begin MonoManager ReloadAssembly
Registering precompiled unity dll's ...
Register platform support module: D:/2021.3.24f1/Editor/Data/PlaybackEngines/WindowsStandaloneSupport/UnityEditor.WindowsStandalone.Extensions.dll
Registered in 0.007267 seconds.
Native extension for WindowsStandalone target not found
Refreshing native plugins compatible for Editor in 137.15 ms, found 3 plugins.
Preloading 0 native plugins for Editor in 0.00 ms.
Mono: successfully reloaded assembly
- Completed reload, in  1.570 seconds
Domain Reload Profiling:
	ReloadAssembly (1571ms)
		BeginReloadAssembly (290ms)
			ExecutionOrderSort (0ms)
			DisableScriptedObjects (0ms)
			BackupInstance (0ms)
			ReleaseScriptingObjects (0ms)
			CreateAndSetChildDomain (2ms)
		EndReloadAssembly (1068ms)
			LoadAssemblies (287ms)
			RebuildTransferFunctionScriptingTraits (0ms)
			SetupTypeCache (263ms)
			ReleaseScriptCaches (0ms)
			RebuildScriptCaches (58ms)
			SetupLoadedEditorAssemblies (627ms)
				LogAssemblyErrors (0ms)
				InitializePlatformSupportModulesInManaged (15ms)
				SetLoadedEditorAssemblies (0ms)
				RefreshPlugins (137ms)
				BeforeProcessingInitializeOnLoad (3ms)
				ProcessInitializeOnLoadAttributes (361ms)
				ProcessInitializeOnLoadMethodAttributes (109ms)
				AfterProcessingInitializeOnLoad (0ms)
				EditorAssembliesLoaded (0ms)
			ExecutionOrderSort2 (0ms)
			AwakeInstancesAfterBackupRestoration (0ms)
Platform modules already initialized, skipping
Registering precompiled user dll's ...
Registered in 0.007574 seconds.
Begin MonoManager ReloadAssembly
Symbol file LoadedFromMemory doesn't match image D:\github\monopoly\Monopoly Fortune\Library\PackageCache\com.unity.visualscripting@1.8.0\Editor\VisualScripting.Core\Dependencies\YamlDotNet\Unity.VisualScripting.YamlDotNet.dll
Symbol file LoadedFromMemory doesn't match image D:\github\monopoly\Monopoly Fortune\Library\PackageCache\com.unity.visualscripting@1.8.0\Editor\VisualScripting.Core\Dependencies\DotNetZip\Unity.VisualScripting.IonicZip.dll
Native extension for WindowsStandalone target not found
Refreshing native plugins compatible for Editor in 1.07 ms, found 3 plugins.
Preloading 0 native plugins for Editor in 0.00 ms.
Mono: successfully reloaded assembly
- Completed reload, in  2.292 seconds
Domain Reload Profiling:
	ReloadAssembly (2294ms)
		BeginReloadAssembly (278ms)
			ExecutionOrderSort (0ms)
			DisableScriptedObjects (11ms)
			BackupInstance (0ms)
			ReleaseScriptingObjects (0ms)
			CreateAndSetChildDomain (46ms)
		EndReloadAssembly (1799ms)
			LoadAssemblies (204ms)
			RebuildTransferFunctionScriptingTraits (0ms)
			SetupTypeCache (654ms)
			ReleaseScriptCaches (1ms)
			RebuildScriptCaches (113ms)
			SetupLoadedEditorAssemblies (759ms)
				LogAssemblyErrors (0ms)
				InitializePlatformSupportModulesInManaged (10ms)
				SetLoadedEditorAssemblies (1ms)
				RefreshPlugins (1ms)
				BeforeProcessingInitializeOnLoad (177ms)
				ProcessInitializeOnLoadAttributes (511ms)
				ProcessInitializeOnLoadMethodAttributes (53ms)
				AfterProcessingInitializeOnLoad (6ms)
				EditorAssembliesLoaded (0ms)
			ExecutionOrderSort2 (0ms)
			AwakeInstancesAfterBackupRestoration (14ms)
Platform modules already initialized, skipping
========================================================================
Worker process is ready to serve import requests
Launched and connected shader compiler UnityShaderCompiler.exe after 0.31 seconds
Refreshing native plugins compatible for Editor in 1.17 ms, found 3 plugins.
Preloading 0 native plugins for Editor in 0.00 ms.
Unloading 3066 Unused Serialized files (Serialized files now loaded: 0)
Unloading 23 unused Assets / (87.9 KB). Loaded Objects now: 3529.
Memory consumption went from 110.7 MB to 110.6 MB.
Total: 8.217700 ms (FindLiveObjects: 0.562700 ms CreateObjectMapping: 0.293500 ms MarkObjects: 7.074600 ms  DeleteObjects: 0.284900 ms)

AssetImportParameters requested are different than current active one (requested -> active):
  custom:video-decoder-ogg-theora: a1e56fd34408186e4bbccfd4996cb3dc -> 
  custom:container-muxer-webm: aa71ff27fc2769a1b78a27578f13a17b -> 
  custom:container-demuxer-webm: 4f35f7cbe854078d1ac9338744f61a02 -> 
  custom:video-encoder-webm-vp8: eb34c28f22e8b96e1ab97ce403110664 -> 
  custom:audio-encoder-webm-vorbis: bf7c407c2cedff20999df2af8eb42d56 -> 
  custom:framework-win-MediaFoundation: 216162199b28c13a410421893ffa2e32 -> 
  custom:container-demuxer-ogg: 62fdf1f143b41e24485cea50d1cbac27 -> 
  custom:video-decoder-webm-vp8: 9c59270c3fd7afecdb556c50c9e8de78 -> 
  custom:audio-decoder-ogg-vorbis: bf7c407c2cedff20999df2af8eb42d56 -> 
========================================================================
Received Import Request.
  Time since last request: 15787.385753 seconds.
  path: Assets/icon.png
  artifactKey: Guid(563e5bc0858c67d4da0497020e34d869) Importer(815301076,1909f56bfc062723c751e8b465ee728b)
Start importing Assets/icon.png using Guid(563e5bc0858c67d4da0497020e34d869) Importer(815301076,1909f56bfc062723c751e8b465ee728b)  -> (artifact id: 'baab5f87f1fb4f7a17d13324f6f70167') in 0.731819 seconds 
========================================================================
Received Import Request.
  Time since last request: 0.000049 seconds.
  path: Assets/menu.mp3
  artifactKey: Guid(40a441357f4d68a4fa3f5c786d09ac3d) Importer(815301076,1909f56bfc062723c751e8b465ee728b)
Start importing Assets/menu.mp3 using Guid(40a441357f4d68a4fa3f5c786d09ac3d) Importer(815301076,1909f56bfc062723c751e8b465ee728b)  -> (artifact id: '1f7afe190606cfce264d84f28893071b') in 0.649809 seconds 
========================================================================
Received Import Request.
  Time since last request: 0.000086 seconds.
  path: Assets/menu_0.png
  artifactKey: Guid(4d2ff7164b4153a44ac419290276f4e5) Importer(815301076,1909f56bfc062723c751e8b465ee728b)
Start importing Assets/menu_0.png using Guid(4d2ff7164b4153a44ac419290276f4e5) Importer(815301076,1909f56bfc062723c751e8b465ee728b)  -> (artifact id: '167113e96e74363035626b965d39ee97') in 0.549971 seconds 
========================================================================
Received Import Request.
  Time since last request: 66.918751 seconds.
  path: Assets/Tephaty/Glass/Glass.mat
  artifactKey: Guid(f5ca1ddf7c86346428686d458f451985) Importer(815301076,1909f56bfc062723c751e8b465ee728b)
Start importing Assets/Tephaty/Glass/Glass.mat using Guid(f5ca1ddf7c86346428686d458f451985) Importer(815301076,1909f56bfc062723c751e8b465ee728b)  -> (artifact id: 'b6f074ed08fc96c99aea927702d9a1c4') in 0.523757 seconds 
========================================================================
Received Import Request.
  Time since last request: 0.000059 seconds.
  path: Assets/Tephaty/Glass/PVC.mat
  artifactKey: Guid(84cb994ee5c7758479bd19c6f99b3c71) Importer(815301076,1909f56bfc062723c751e8b465ee728b)
Start importing Assets/Tephaty/Glass/PVC.mat using Guid(84cb994ee5c7758479bd19c6f99b3c71) Importer(815301076,1909f56bfc062723c751e8b465ee728b)  -> (artifact id: '430b008956ab0bfa85a36c1a82960e42') in 0.067109 seconds 
========================================================================
Received Import Request.
  Time since last request: 39.308454 seconds.
  path: Assets/player/player.fbx
  artifactKey: Guid(d4a912f9925d9cc4db76ea5025c13eef) Importer(815301076,1909f56bfc062723c751e8b465ee728b)
Start importing Assets/player/player.fbx using Guid(d4a912f9925d9cc4db76ea5025c13eef) Importer(815301076,1909f56bfc062723c751e8b465ee728b)  -> (artifact id: '204fa3dbe0dc44dbbb93f3d3ab2da570') in 0.122527 seconds 
========================================================================
Received Import Request.
  Time since last request: 108.792711 seconds.
  path: Assets/карта.png
  artifactKey: Guid(46cceb17b3050b44cac27dc918ad2fa5) Importer(815301076,1909f56bfc062723c751e8b465ee728b)
Start importing Assets/карта.png using Guid(46cceb17b3050b44cac27dc918ad2fa5) Importer(815301076,1909f56bfc062723c751e8b465ee728b)  -> (artifact id: 'f841a6b5dd8fa0fc5db062fa9cd9e3f9') in 0.058600 seconds 
========================================================================
Received Import Request.
  Time since last request: 24.210706 seconds.
  path: Assets/карта.png
  artifactKey: Guid(46cceb17b3050b44cac27dc918ad2fa5) Importer(815301076,1909f56bfc062723c751e8b465ee728b)
Start importing Assets/карта.png using Guid(46cceb17b3050b44cac27dc918ad2fa5) Importer(815301076,1909f56bfc062723c751e8b465ee728b)  -> (artifact id: '536e63045b39be0705146b56641f5d4a') in 0.349330 seconds 
========================================================================
Received Prepare
Registering precompiled user dll's ...
Registered in 0.007847 seconds.
Begin MonoManager ReloadAssembly
Symbol file LoadedFromMemory doesn't match image D:\github\monopoly\Monopoly Fortune\Library\PackageCache\com.unity.visualscripting@1.8.0\Editor\VisualScripting.Core\Dependencies\YamlDotNet\Unity.VisualScripting.YamlDotNet.dll
Symbol file LoadedFromMemory doesn't match image D:\github\monopoly\Monopoly Fortune\Library\PackageCache\com.unity.visualscripting@1.8.0\Editor\VisualScripting.Core\Dependencies\DotNetZip\Unity.VisualScripting.IonicZip.dll
Native extension for WindowsStandalone target not found
Refreshing native plugins compatible for Editor in 1.05 ms, found 3 plugins.
Preloading 0 native plugins for Editor in 0.00 ms.
Mono: successfully reloaded assembly
- Completed reload, in  2.104 seconds
Domain Reload Profiling:
	ReloadAssembly (2106ms)
		BeginReloadAssembly (373ms)
			ExecutionOrderSort (0ms)
			DisableScriptedObjects (15ms)
			BackupInstance (0ms)
			ReleaseScriptingObjects (0ms)
			CreateAndSetChildDomain (100ms)
		EndReloadAssembly (1528ms)
			LoadAssemblies (242ms)
			RebuildTransferFunctionScriptingTraits (0ms)
			SetupTypeCache (530ms)
			ReleaseScriptCaches (2ms)
			RebuildScriptCaches (84ms)
			SetupLoadedEditorAssemblies (637ms)
				LogAssemblyErrors (0ms)
				InitializePlatformSupportModulesInManaged (11ms)
				SetLoadedEditorAssemblies (1ms)
				RefreshPlugins (1ms)
				BeforeProcessingInitializeOnLoad (110ms)
				ProcessInitializeOnLoadAttributes (466ms)
				ProcessInitializeOnLoadMethodAttributes (40ms)
				AfterProcessingInitializeOnLoad (7ms)
				EditorAssembliesLoaded (0ms)
			ExecutionOrderSort2 (0ms)
			AwakeInstancesAfterBackupRestoration (16ms)
Platform modules already initialized, skipping
Refreshing native plugins compatible for Editor in 2.54 ms, found 3 plugins.
Preloading 0 native plugins for Editor in 0.00 ms.
Unloading 3048 Unused Serialized files (Serialized files now loaded: 0)
Unloading 17 unused Assets / (81.1 KB). Loaded Objects now: 3586.
Memory consumption went from 114.1 MB to 114.0 MB.
Total: 6.385400 ms (FindLiveObjects: 0.430500 ms CreateObjectMapping: 0.331400 ms MarkObjects: 5.449800 ms  DeleteObjects: 0.171400 ms)

AssetImportParameters requested are different than current active one (requested -> active):
  custom:video-decoder-ogg-theora: a1e56fd34408186e4bbccfd4996cb3dc -> 
  custom:container-muxer-webm: aa71ff27fc2769a1b78a27578f13a17b -> 
  custom:container-demuxer-webm: 4f35f7cbe854078d1ac9338744f61a02 -> 
  custom:video-encoder-webm-vp8: eb34c28f22e8b96e1ab97ce403110664 -> 
  custom:audio-encoder-webm-vorbis: bf7c407c2cedff20999df2af8eb42d56 -> 
  custom:framework-win-MediaFoundation: 216162199b28c13a410421893ffa2e32 -> 
  custom:container-demuxer-ogg: 62fdf1f143b41e24485cea50d1cbac27 -> 
  custom:video-decoder-webm-vp8: 9c59270c3fd7afecdb556c50c9e8de78 -> 
  custom:audio-decoder-ogg-vorbis: bf7c407c2cedff20999df2af8eb42d56 -> 
========================================================================
Received Import Request.
  Time since last request: 771.112936 seconds.
  path: Assets/Scenes
  artifactKey: Guid(6ea315d0fd7389c41b19996891e99ae3) Importer(815301076,1909f56bfc062723c751e8b465ee728b)
Start importing Assets/Scenes using Guid(6ea315d0fd7389c41b19996891e99ae3) Importer(815301076,1909f56bfc062723c751e8b465ee728b)  -> (artifact id: 'bc172811d573b296104adb4d2728db37') in 0.096775 seconds 
========================================================================
Received Import Request.
  Time since last request: 0.517840 seconds.
  path: Assets/Scenes/menu.unity
  artifactKey: Guid(ac22683af7fa7ac4a8a59f84b8eb1bef) Importer(815301076,1909f56bfc062723c751e8b465ee728b)
Start importing Assets/Scenes/menu.unity using Guid(ac22683af7fa7ac4a8a59f84b8eb1bef) Importer(815301076,1909f56bfc062723c751e8b465ee728b)  -> (artifact id: '08c55d53ebd3c864d2889416618fb424') in 0.021522 seconds 
========================================================================
Received Import Request.
  Time since last request: 4.170920 seconds.
  path: Assets/Scenes/game.unity
  artifactKey: Guid(9fc0d4010bbf28b4594072e72b8655ab) Importer(815301076,1909f56bfc062723c751e8b465ee728b)
Start importing Assets/Scenes/game.unity using Guid(9fc0d4010bbf28b4594072e72b8655ab) Importer(815301076,1909f56bfc062723c751e8b465ee728b)  -> (artifact id: 'cc8ffac84b6e21a018f0a6bb00c97614') in 0.021058 seconds 
