Using pre-set license
Built from '2021.3/staging' branch; Version is '2021.3.24f1 (cf10dcf7010d) revision 13570268'; Using compiler version '192829333'; Build Type 'Release'
OS: 'Windows 10  (10.0.19045) 64bit Core' Language: 'ru' Physical Memory: 16026 MB
BatchMode: 1, IsHumanControllingUs: 0, StartBugReporterOnCrash: 0, Is64bit: 1, IsPro: 1

COMMAND LINE ARGUMENTS:
C:\Program Files\Unity\Hub\Editor\2021.3.24f1\Editor\Unity.exe
-adb2
-batchMode
-noUpm
-name
AssetImportWorker0
-projectPath
C:/Users/User/Documents/GitHub/monopoly/Monopoly Fortune
-logFile
Logs/AssetImportWorker0.log
-srvPort
63926
Successfully changed project path to: C:/Users/User/Documents/GitHub/monopoly/Monopoly Fortune
C:/Users/User/Documents/GitHub/monopoly/Monopoly Fortune
[UnityMemory] Configuration Parameters - Can be set up in boot.config
    "memorysetup-bucket-allocator-granularity=16"
    "memorysetup-bucket-allocator-bucket-count=8"
    "memorysetup-bucket-allocator-block-size=33554432"
    "memorysetup-bucket-allocator-block-count=8"
    "memorysetup-main-allocator-block-size=16777216"
    "memorysetup-thread-allocator-block-size=16777216"
    "memorysetup-gfx-main-allocator-block-size=16777216"
    "memorysetup-gfx-thread-allocator-block-size=16777216"
    "memorysetup-cache-allocator-block-size=4194304"
    "memorysetup-typetree-allocator-block-size=2097152"
    "memorysetup-profiler-bucket-allocator-granularity=16"
    "memorysetup-profiler-bucket-allocator-bucket-count=8"
    "memorysetup-profiler-bucket-allocator-block-size=33554432"
    "memorysetup-profiler-bucket-allocator-block-count=8"
    "memorysetup-profiler-allocator-block-size=16777216"
    "memorysetup-profiler-editor-allocator-block-size=1048576"
    "memorysetup-temp-allocator-size-main=16777216"
    "memorysetup-job-temp-allocator-block-size=2097152"
    "memorysetup-job-temp-allocator-block-size-background=1048576"
    "memorysetup-job-temp-allocator-reduction-small-platforms=262144"
    "memorysetup-temp-allocator-size-background-worker=32768"
    "memorysetup-temp-allocator-size-job-worker=262144"
    "memorysetup-temp-allocator-size-preload-manager=33554432"
    "memorysetup-temp-allocator-size-nav-mesh-worker=65536"
    "memorysetup-temp-allocator-size-audio-worker=65536"
    "memorysetup-temp-allocator-size-cloud-worker=32768"
    "memorysetup-temp-allocator-size-gi-baking-worker=262144"
    "memorysetup-temp-allocator-size-gfx=262144"
Player connection [5296] Host "[IP] 172.23.240.1 [Port] 0 [Flags] 2 [Guid] 881084794 [EditorId] 881084794 [Version] 1048832 [Id] WindowsEditor(7,DESKTOP-QMH1DPE) [Debug] 1 [PackageName] WindowsEditor [ProjectName] Editor" joined multi-casting on [225.0.0.222:54997]...

Player connection [5296] Host "[IP] 172.23.240.1 [Port] 0 [Flags] 2 [Guid] 881084794 [EditorId] 881084794 [Version] 1048832 [Id] WindowsEditor(7,DESKTOP-QMH1DPE) [Debug] 1 [PackageName] WindowsEditor [ProjectName] Editor" joined alternative multi-casting on [225.0.0.222:34997]...

Refreshing native plugins compatible for Editor in 67.31 ms, found 3 plugins.
Preloading 0 native plugins for Editor in 0.00 ms.
Initialize engine version: 2021.3.24f1 (cf10dcf7010d)
[Subsystems] Discovering subsystems at path C:/Program Files/Unity/Hub/Editor/2021.3.24f1/Editor/Data/Resources/UnitySubsystems
[Subsystems] Discovering subsystems at path C:/Users/User/Documents/GitHub/monopoly/Monopoly Fortune/Assets
GfxDevice: creating device client; threaded=0; jobified=0
Direct3D:
    Version:  Direct3D 11.0 [level 11.1]
    Renderer: Intel(R) Iris(R) Xe Graphics (ID=0x9a49)
    Vendor:   Intel
    VRAM:     8013 MB
    Driver:   27.20.100.8935
Initialize mono
Mono path[0] = 'C:/Program Files/Unity/Hub/Editor/2021.3.24f1/Editor/Data/Managed'
Mono path[1] = 'C:/Program Files/Unity/Hub/Editor/2021.3.24f1/Editor/Data/MonoBleedingEdge/lib/mono/unityjit-win32'
Mono config path = 'C:/Program Files/Unity/Hub/Editor/2021.3.24f1/Editor/Data/MonoBleedingEdge/etc'
Using monoOptions --debugger-agent=transport=dt_socket,embedding=1,server=y,suspend=n,address=127.0.0.1:56708
Begin MonoManager ReloadAssembly
Registering precompiled unity dll's ...
Register platform support module: C:/Program Files/Unity/Hub/Editor/2021.3.24f1/Editor/Data/PlaybackEngines/WindowsStandaloneSupport/UnityEditor.WindowsStandalone.Extensions.dll
Registered in 0.005364 seconds.
Native extension for WindowsStandalone target not found
Refreshing native plugins compatible for Editor in 64.76 ms, found 3 plugins.
Preloading 0 native plugins for Editor in 0.00 ms.
Mono: successfully reloaded assembly
- Completed reload, in  0.577 seconds
Domain Reload Profiling:
	ReloadAssembly (577ms)
		BeginReloadAssembly (84ms)
			ExecutionOrderSort (0ms)
			DisableScriptedObjects (0ms)
			BackupInstance (0ms)
			ReleaseScriptingObjects (0ms)
			CreateAndSetChildDomain (1ms)
		EndReloadAssembly (403ms)
			LoadAssemblies (81ms)
			RebuildTransferFunctionScriptingTraits (0ms)
			SetupTypeCache (94ms)
			ReleaseScriptCaches (0ms)
			RebuildScriptCaches (28ms)
			SetupLoadedEditorAssemblies (233ms)
				LogAssemblyErrors (0ms)
				InitializePlatformSupportModulesInManaged (7ms)
				SetLoadedEditorAssemblies (0ms)
				RefreshPlugins (65ms)
				BeforeProcessingInitializeOnLoad (1ms)
				ProcessInitializeOnLoadAttributes (118ms)
				ProcessInitializeOnLoadMethodAttributes (42ms)
				AfterProcessingInitializeOnLoad (0ms)
				EditorAssembliesLoaded (0ms)
			ExecutionOrderSort2 (0ms)
			AwakeInstancesAfterBackupRestoration (0ms)
Platform modules already initialized, skipping
Registering precompiled user dll's ...
Registered in 0.004474 seconds.
Begin MonoManager ReloadAssembly
Symbol file LoadedFromMemory doesn't match image C:\Users\User\Documents\GitHub\monopoly\Monopoly Fortune\Library\PackageCache\com.unity.visualscripting@1.8.0\Editor\VisualScripting.Core\Dependencies\YamlDotNet\Unity.VisualScripting.YamlDotNet.dll
Symbol file LoadedFromMemory doesn't match image C:\Users\User\Documents\GitHub\monopoly\Monopoly Fortune\Library\PackageCache\com.unity.visualscripting@1.8.0\Editor\VisualScripting.Core\Dependencies\DotNetZip\Unity.VisualScripting.IonicZip.dll
Native extension for WindowsStandalone target not found
Refreshing native plugins compatible for Editor in 0.55 ms, found 3 plugins.
Preloading 0 native plugins for Editor in 0.00 ms.
Mono: successfully reloaded assembly
- Completed reload, in  1.102 seconds
Domain Reload Profiling:
	ReloadAssembly (1103ms)
		BeginReloadAssembly (125ms)
			ExecutionOrderSort (0ms)
			DisableScriptedObjects (4ms)
			BackupInstance (0ms)
			ReleaseScriptingObjects (0ms)
			CreateAndSetChildDomain (22ms)
		EndReloadAssembly (879ms)
			LoadAssemblies (94ms)
			RebuildTransferFunctionScriptingTraits (0ms)
			SetupTypeCache (248ms)
			ReleaseScriptCaches (1ms)
			RebuildScriptCaches (45ms)
			SetupLoadedEditorAssemblies (479ms)
				LogAssemblyErrors (0ms)
				InitializePlatformSupportModulesInManaged (5ms)
				SetLoadedEditorAssemblies (0ms)
				RefreshPlugins (1ms)
				BeforeProcessingInitializeOnLoad (68ms)
				ProcessInitializeOnLoadAttributes (377ms)
				ProcessInitializeOnLoadMethodAttributes (22ms)
				AfterProcessingInitializeOnLoad (6ms)
				EditorAssembliesLoaded (0ms)
			ExecutionOrderSort2 (0ms)
			AwakeInstancesAfterBackupRestoration (5ms)
Platform modules already initialized, skipping
========================================================================
Worker process is ready to serve import requests
Launched and connected shader compiler UnityShaderCompiler.exe after 0.04 seconds
Refreshing native plugins compatible for Editor in 1.03 ms, found 3 plugins.
Preloading 0 native plugins for Editor in 0.00 ms.
Unloading 3174 Unused Serialized files (Serialized files now loaded: 0)
Unloading 38 unused Assets / (87.8 KB). Loaded Objects now: 3622.
Memory consumption went from 113.4 MB to 113.3 MB.
Total: 5.146500 ms (FindLiveObjects: 0.319400 ms CreateObjectMapping: 0.304400 ms MarkObjects: 4.364400 ms  DeleteObjects: 0.156800 ms)

AssetImportParameters requested are different than current active one (requested -> active):
  custom:video-decoder-ogg-theora: a1e56fd34408186e4bbccfd4996cb3dc -> 
  custom:container-muxer-webm: aa71ff27fc2769a1b78a27578f13a17b -> 
  custom:container-demuxer-webm: 4f35f7cbe854078d1ac9338744f61a02 -> 
  custom:video-encoder-webm-vp8: eb34c28f22e8b96e1ab97ce403110664 -> 
  custom:audio-encoder-webm-vorbis: bf7c407c2cedff20999df2af8eb42d56 -> 
  custom:framework-win-MediaFoundation: 216162199b28c13a410421893ffa2e32 -> 
  custom:container-demuxer-ogg: 62fdf1f143b41e24485cea50d1cbac27 -> 
  custom:video-decoder-webm-vp8: 9c59270c3fd7afecdb556c50c9e8de78 -> 
  custom:audio-decoder-ogg-vorbis: bf7c407c2cedff20999df2af8eb42d56 -> 
========================================================================
Received Import Request.
  Time since last request: 414331.039977 seconds.
  path: Assets/3d/JJ/JJ.fbx
  artifactKey: Guid(c71dfba1b5df5844593f70f5d0072a65) Importer(815301076,1909f56bfc062723c751e8b465ee728b)
Start importing Assets/3d/JJ/JJ.fbx using Guid(c71dfba1b5df5844593f70f5d0072a65) Importer(815301076,1909f56bfc062723c751e8b465ee728b)  -> (artifact id: '88e39aeeb8183348235ab5c56ee713f7') in 0.359693 seconds 
========================================================================
Received Import Request.
  Time since last request: 5.809097 seconds.
  path: Assets/3d/JJ/JJ.fbx
  artifactKey: Guid(c71dfba1b5df5844593f70f5d0072a65) Importer(815301076,1909f56bfc062723c751e8b465ee728b)
Start importing Assets/3d/JJ/JJ.fbx using Guid(c71dfba1b5df5844593f70f5d0072a65) Importer(815301076,1909f56bfc062723c751e8b465ee728b)  -> (artifact id: '9f8c94e1cf0968d89ad105acd39abeea') in 0.220466 seconds 
========================================================================
Received Import Request.
  Time since last request: 74.566451 seconds.
  path: Assets/3d/JJ/materials/Glass.mat
  artifactKey: Guid(8f67f427c160dce40984faa5932cf579) Importer(815301076,1909f56bfc062723c751e8b465ee728b)
Start importing Assets/3d/JJ/materials/Glass.mat using Guid(8f67f427c160dce40984faa5932cf579) Importer(815301076,1909f56bfc062723c751e8b465ee728b)  -> (artifact id: 'ef8a061f51beaf8423dee02e1a86c46a') in 0.019495 seconds 
========================================================================
Received Import Request.
  Time since last request: 0.000035 seconds.
  path: Assets/3d/JJ/materials/Walls2.mat
  artifactKey: Guid(44cbf18364cee34458e377c662a63173) Importer(815301076,1909f56bfc062723c751e8b465ee728b)
Start importing Assets/3d/JJ/materials/Walls2.mat using Guid(44cbf18364cee34458e377c662a63173) Importer(815301076,1909f56bfc062723c751e8b465ee728b)  -> (artifact id: 'c21a662c1266dcb0bfd7aeabfbaa5444') in 0.032907 seconds 
========================================================================
Received Import Request.
  Time since last request: 0.000019 seconds.
  path: Assets/3d/JJ/materials/Walls1.mat
  artifactKey: Guid(fbaa34cd02b631e4d81268ae5591fe89) Importer(815301076,1909f56bfc062723c751e8b465ee728b)
Start importing Assets/3d/JJ/materials/Walls1.mat using Guid(fbaa34cd02b631e4d81268ae5591fe89) Importer(815301076,1909f56bfc062723c751e8b465ee728b)  -> (artifact id: '7b484e5917afd50545899e98d35f7fe8') in 0.014013 seconds 
========================================================================
Received Import Request.
  Time since last request: 520.171315 seconds.
  path: Assets/3d/DR Repip/Dr.Rep.fbx
  artifactKey: Guid(120d28c0169f7cd49ac4bb0f955f555c) Importer(815301076,1909f56bfc062723c751e8b465ee728b)
Start importing Assets/3d/DR Repip/Dr.Rep.fbx using Guid(120d28c0169f7cd49ac4bb0f955f555c) Importer(815301076,1909f56bfc062723c751e8b465ee728b)  -> (artifact id: '613a3ed797ddf9664e741963b4220d51') in 0.520089 seconds 
========================================================================
Received Import Request.
  Time since last request: 31.375792 seconds.
  path: Assets/3d/DR Repip/Dr.Rep.fbx
  artifactKey: Guid(120d28c0169f7cd49ac4bb0f955f555c) Importer(815301076,1909f56bfc062723c751e8b465ee728b)
Start importing Assets/3d/DR Repip/Dr.Rep.fbx using Guid(120d28c0169f7cd49ac4bb0f955f555c) Importer(815301076,1909f56bfc062723c751e8b465ee728b)  -> (artifact id: '59b5d0f2870a02c92f432d554dbfbebf') in 0.479279 seconds 
========================================================================
Received Import Request.
  Time since last request: 0.384858 seconds.
  path: Assets/3d/DR Repip/materials
  artifactKey: Guid(8dde078ad11803542b790bd42c8cff2a) Importer(815301076,1909f56bfc062723c751e8b465ee728b)
Start importing Assets/3d/DR Repip/materials using Guid(8dde078ad11803542b790bd42c8cff2a) Importer(815301076,1909f56bfc062723c751e8b465ee728b)  -> (artifact id: 'f4e4c931d79b113f73ffca68a1372a30') in 0.005695 seconds 
========================================================================
Received Import Request.
  Time since last request: 0.033790 seconds.
  path: Assets/3d/DR Repip/materials/Door.001.mat
  artifactKey: Guid(5e7c36e2f6d2498489817e5a508f0c5a) Importer(815301076,1909f56bfc062723c751e8b465ee728b)
Start importing Assets/3d/DR Repip/materials/Door.001.mat using Guid(5e7c36e2f6d2498489817e5a508f0c5a) Importer(815301076,1909f56bfc062723c751e8b465ee728b)  -> (artifact id: '09fcaee0df822d4bbe3afbd7ac9e262d') in 0.013854 seconds 
========================================================================
Received Import Request.
  Time since last request: 0.000029 seconds.
  path: Assets/3d/DR Repip/materials/Logo2.mat
  artifactKey: Guid(0cf685d880ba41f4297b5f509530eefc) Importer(815301076,1909f56bfc062723c751e8b465ee728b)
Start importing Assets/3d/DR Repip/materials/Logo2.mat using Guid(0cf685d880ba41f4297b5f509530eefc) Importer(815301076,1909f56bfc062723c751e8b465ee728b)  -> (artifact id: '70a25feb95795b52f358aba8cc50b8a9') in 0.028694 seconds 
========================================================================
Received Import Request.
  Time since last request: 0.000024 seconds.
  path: Assets/3d/DR Repip/materials/Red walls.mat
  artifactKey: Guid(3d21a8bb4f5557b47aeda070c75bf221) Importer(815301076,1909f56bfc062723c751e8b465ee728b)
Start importing Assets/3d/DR Repip/materials/Red walls.mat using Guid(3d21a8bb4f5557b47aeda070c75bf221) Importer(815301076,1909f56bfc062723c751e8b465ee728b)  -> (artifact id: '4b9b99470d8e6f93c256925ccafdd3ed') in 0.016324 seconds 
========================================================================
Received Import Request.
  Time since last request: 0.000026 seconds.
  path: Assets/3d/DR Repip/materials/Metall.mat
  artifactKey: Guid(4cddb43daf6df464a97dcaa8399bceb3) Importer(815301076,1909f56bfc062723c751e8b465ee728b)
Start importing Assets/3d/DR Repip/materials/Metall.mat using Guid(4cddb43daf6df464a97dcaa8399bceb3) Importer(815301076,1909f56bfc062723c751e8b465ee728b)  -> (artifact id: '25cac9c28f3ccae4d2ebe677c51b2538') in 0.019445 seconds 
========================================================================
Received Import Request.
  Time since last request: 0.000025 seconds.
  path: Assets/3d/DR Repip/materials/Pipe.mat
  artifactKey: Guid(70bdd6b7fbd5bd74ca69410f1bd67218) Importer(815301076,1909f56bfc062723c751e8b465ee728b)
Start importing Assets/3d/DR Repip/materials/Pipe.mat using Guid(70bdd6b7fbd5bd74ca69410f1bd67218) Importer(815301076,1909f56bfc062723c751e8b465ee728b)  -> (artifact id: '9fcdb104fb008dee89da2aeef9cf6ee3') in 0.017967 seconds 
========================================================================
Received Import Request.
  Time since last request: 291.904674 seconds.
  path: Assets/3d/DR Repip/Dr.Rep.fbx
  artifactKey: Guid(120d28c0169f7cd49ac4bb0f955f555c) Importer(815301076,1909f56bfc062723c751e8b465ee728b)
Start importing Assets/3d/DR Repip/Dr.Rep.fbx using Guid(120d28c0169f7cd49ac4bb0f955f555c) Importer(815301076,1909f56bfc062723c751e8b465ee728b)  -> (artifact id: '93ef87e31200d8811313e74f79db704e') in 0.486522 seconds 
========================================================================
Received Import Request.
  Time since last request: 4.590068 seconds.
  path: Assets/3d/DR Repip/Dr.Rep.fbx
  artifactKey: Guid(120d28c0169f7cd49ac4bb0f955f555c) Importer(815301076,1909f56bfc062723c751e8b465ee728b)
Start importing Assets/3d/DR Repip/Dr.Rep.fbx using Guid(120d28c0169f7cd49ac4bb0f955f555c) Importer(815301076,1909f56bfc062723c751e8b465ee728b)  -> (artifact id: 'b844491e1c58d0816d36d021eec4a973') in 0.595830 seconds 
========================================================================
Received Import Request.
  Time since last request: 295.643625 seconds.
  path: Assets/3d/Cocla/Cocla.fbx
  artifactKey: Guid(b5d4a71d0a6758b48ac9c169b2248d54) Importer(815301076,1909f56bfc062723c751e8b465ee728b)
Start importing Assets/3d/Cocla/Cocla.fbx using Guid(b5d4a71d0a6758b48ac9c169b2248d54) Importer(815301076,1909f56bfc062723c751e8b465ee728b)  -> (artifact id: '31474fad5ca41c041a978d222e07d43a') in 0.644340 seconds 
========================================================================
Received Import Request.
  Time since last request: 5.434601 seconds.
  path: Assets/3d/Cocla/Cocla.fbx
  artifactKey: Guid(b5d4a71d0a6758b48ac9c169b2248d54) Importer(815301076,1909f56bfc062723c751e8b465ee728b)
Start importing Assets/3d/Cocla/Cocla.fbx using Guid(b5d4a71d0a6758b48ac9c169b2248d54) Importer(815301076,1909f56bfc062723c751e8b465ee728b)  -> (artifact id: 'c811f05ee05163d84edf163bc0de0253') in 0.601069 seconds 
========================================================================
Received Import Request.
  Time since last request: 18.253987 seconds.
  path: Assets/3d/Cocla/materials
  artifactKey: Guid(fa858b19ba21b9a4d8c316410ee83acd) Importer(815301076,1909f56bfc062723c751e8b465ee728b)
Start importing Assets/3d/Cocla/materials using Guid(fa858b19ba21b9a4d8c316410ee83acd) Importer(815301076,1909f56bfc062723c751e8b465ee728b)  -> (artifact id: 'eb2706ca33d3b9b4370b23f225da2763') in 0.007815 seconds 
========================================================================
Received Import Request.
  Time since last request: 0.859465 seconds.
  path: Assets/3d/Cocla/materials/Beacon.mat
  artifactKey: Guid(d15b93edb57ca8b458e6785589322fb6) Importer(815301076,1909f56bfc062723c751e8b465ee728b)
Start importing Assets/3d/Cocla/materials/Beacon.mat using Guid(d15b93edb57ca8b458e6785589322fb6) Importer(815301076,1909f56bfc062723c751e8b465ee728b)  -> (artifact id: 'd9e6bef354f949b627baa52abbc328cf') in 0.016089 seconds 
========================================================================
Received Import Request.
  Time since last request: 0.000022 seconds.
  path: Assets/3d/Cocla/materials/Wall white.mat
  artifactKey: Guid(45ecfc56ba051914fbd933e71d24b3ff) Importer(815301076,1909f56bfc062723c751e8b465ee728b)
Start importing Assets/3d/Cocla/materials/Wall white.mat using Guid(45ecfc56ba051914fbd933e71d24b3ff) Importer(815301076,1909f56bfc062723c751e8b465ee728b)  -> (artifact id: 'fbd2cbd61a6c54c173175d0b48dc967a') in 0.026076 seconds 
========================================================================
Received Import Request.
  Time since last request: 0.000044 seconds.
  path: Assets/3d/Cocla/materials/Wall red.mat
  artifactKey: Guid(ed83f26b69dc005448742e6ecbbdbea1) Importer(815301076,1909f56bfc062723c751e8b465ee728b)
Start importing Assets/3d/Cocla/materials/Wall red.mat using Guid(ed83f26b69dc005448742e6ecbbdbea1) Importer(815301076,1909f56bfc062723c751e8b465ee728b)  -> (artifact id: '34a951c7d7ea7f3827dbd89190e08d95') in 0.026133 seconds 
========================================================================
Received Import Request.
  Time since last request: 171.406622 seconds.
  path: Assets/3d/pins/Pins.fbx
  artifactKey: Guid(389015870fd2b124092bf447aefd56d7) Importer(815301076,1909f56bfc062723c751e8b465ee728b)
Start importing Assets/3d/pins/Pins.fbx using Guid(389015870fd2b124092bf447aefd56d7) Importer(815301076,1909f56bfc062723c751e8b465ee728b)  -> (artifact id: 'b640662d30e62fef44d8da6d04a34309') in 0.373874 seconds 
========================================================================
Received Import Request.
  Time since last request: 16.090909 seconds.
  path: Assets/3d/pins/Pins.fbx
  artifactKey: Guid(389015870fd2b124092bf447aefd56d7) Importer(815301076,1909f56bfc062723c751e8b465ee728b)
Start importing Assets/3d/pins/Pins.fbx using Guid(389015870fd2b124092bf447aefd56d7) Importer(815301076,1909f56bfc062723c751e8b465ee728b)  -> (artifact id: '91b29865b08ff26ed8f2e0533a9252e5') in 0.362215 seconds 
========================================================================
Received Import Request.
  Time since last request: 31.911629 seconds.
  path: Assets/3d/pins/materials
  artifactKey: Guid(5fd53446511558b4b8eb91ad0f53f24d) Importer(815301076,1909f56bfc062723c751e8b465ee728b)
Start importing Assets/3d/pins/materials using Guid(5fd53446511558b4b8eb91ad0f53f24d) Importer(815301076,1909f56bfc062723c751e8b465ee728b)  -> (artifact id: 'cfe9f5b7573b4ad0542ba5018e54040f') in 0.002308 seconds 
========================================================================
Received Import Request.
  Time since last request: 0.021240 seconds.
  path: Assets/3d/pins/materials/Door1.mat
  artifactKey: Guid(d65a8f777acdf7f4694e37771dbbc690) Importer(815301076,1909f56bfc062723c751e8b465ee728b)
Start importing Assets/3d/pins/materials/Door1.mat using Guid(d65a8f777acdf7f4694e37771dbbc690) Importer(815301076,1909f56bfc062723c751e8b465ee728b)  -> (artifact id: '76a09303b60bf2567a2707ffa876b5b2') in 0.014812 seconds 
========================================================================
Received Import Request.
  Time since last request: 0.000024 seconds.
  path: Assets/3d/pins/materials/Light grey wall.mat
  artifactKey: Guid(7b759883f476f564ca3e7d0acd5a69ea) Importer(815301076,1909f56bfc062723c751e8b465ee728b)
Start importing Assets/3d/pins/materials/Light grey wall.mat using Guid(7b759883f476f564ca3e7d0acd5a69ea) Importer(815301076,1909f56bfc062723c751e8b465ee728b)  -> (artifact id: '8395283c67469fc4f137a03696d54224') in 0.018210 seconds 
========================================================================
Received Import Request.
  Time since last request: 0.000030 seconds.
  path: Assets/3d/pins/materials/Logo2.mat
  artifactKey: Guid(470346648c4b8674bb1f77c46f692781) Importer(815301076,1909f56bfc062723c751e8b465ee728b)
Start importing Assets/3d/pins/materials/Logo2.mat using Guid(470346648c4b8674bb1f77c46f692781) Importer(815301076,1909f56bfc062723c751e8b465ee728b)  -> (artifact id: '261ac29123f25227e985d708f277aee6') in 0.018648 seconds 
========================================================================
Received Import Request.
  Time since last request: 0.000022 seconds.
  path: Assets/3d/pins/materials/Logo3.mat
  artifactKey: Guid(c8f8311d2bf4cf34c9214534229e41bc) Importer(815301076,1909f56bfc062723c751e8b465ee728b)
Start importing Assets/3d/pins/materials/Logo3.mat using Guid(c8f8311d2bf4cf34c9214534229e41bc) Importer(815301076,1909f56bfc062723c751e8b465ee728b)  -> (artifact id: '06c559dd263ee29c3870d0c0bc98a6bd') in 0.060015 seconds 
========================================================================
Received Import Request.
  Time since last request: 0.000027 seconds.
  path: Assets/3d/pins/materials/Red wall.mat
  artifactKey: Guid(c117b4b53a3232d4cb84aee30befdd2e) Importer(815301076,1909f56bfc062723c751e8b465ee728b)
Start importing Assets/3d/pins/materials/Red wall.mat using Guid(c117b4b53a3232d4cb84aee30befdd2e) Importer(815301076,1909f56bfc062723c751e8b465ee728b)  -> (artifact id: '19a39ca2bda098fd958035e8add7cbde') in 0.018829 seconds 
========================================================================
Received Import Request.
  Time since last request: 371.916430 seconds.
  path: Assets/3d/NP/nP.fbx
  artifactKey: Guid(e9e80a7983ca3384aa56bb9203d365c1) Importer(815301076,1909f56bfc062723c751e8b465ee728b)
Start importing Assets/3d/NP/nP.fbx using Guid(e9e80a7983ca3384aa56bb9203d365c1) Importer(815301076,1909f56bfc062723c751e8b465ee728b)  -> (artifact id: '23144674707789b2711f0ee4229fbfa4') in 0.200892 seconds 
========================================================================
Received Import Request.
  Time since last request: 4.154379 seconds.
  path: Assets/3d/NP/nP.fbx
  artifactKey: Guid(e9e80a7983ca3384aa56bb9203d365c1) Importer(815301076,1909f56bfc062723c751e8b465ee728b)
Start importing Assets/3d/NP/nP.fbx using Guid(e9e80a7983ca3384aa56bb9203d365c1) Importer(815301076,1909f56bfc062723c751e8b465ee728b)  -> (artifact id: '506f2df7a35d5f8fe3a6686f668cd18d') in 0.202337 seconds 
========================================================================
Received Import Request.
  Time since last request: 21.255656 seconds.
  path: Assets/3d/NP/materials
  artifactKey: Guid(10a911afa87086b4ba7b70492f30b166) Importer(815301076,1909f56bfc062723c751e8b465ee728b)
Start importing Assets/3d/NP/materials using Guid(10a911afa87086b4ba7b70492f30b166) Importer(815301076,1909f56bfc062723c751e8b465ee728b)  -> (artifact id: '2faf96066525b9418599eda2f0556d0c') in 0.008112 seconds 
========================================================================
Received Import Request.
  Time since last request: 0.040897 seconds.
  path: Assets/3d/NP/materials/Logo.001.mat
  artifactKey: Guid(38a1037ef666c0b4fb016cda1169a971) Importer(815301076,1909f56bfc062723c751e8b465ee728b)
Start importing Assets/3d/NP/materials/Logo.001.mat using Guid(38a1037ef666c0b4fb016cda1169a971) Importer(815301076,1909f56bfc062723c751e8b465ee728b)  -> (artifact id: '3b761e0071dc0fbe3cb8593e31b7e6cb') in 0.016682 seconds 
========================================================================
Received Import Request.
  Time since last request: 0.000024 seconds.
  path: Assets/3d/NP/materials/Material.mat
  artifactKey: Guid(e4c87b78cfff543488bcbf041ee8d665) Importer(815301076,1909f56bfc062723c751e8b465ee728b)
Start importing Assets/3d/NP/materials/Material.mat using Guid(e4c87b78cfff543488bcbf041ee8d665) Importer(815301076,1909f56bfc062723c751e8b465ee728b)  -> (artifact id: '13ffec47ae1788cb54a6cacb21bbb914') in 0.026824 seconds 
========================================================================
Received Import Request.
  Time since last request: 1034.385227 seconds.
  path: Assets/3d/DR Repip/dr.repip.fbx
  artifactKey: Guid(3d677f8bb15f2e449b3058a98bc7c005) Importer(815301076,1909f56bfc062723c751e8b465ee728b)
Start importing Assets/3d/DR Repip/dr.repip.fbx using Guid(3d677f8bb15f2e449b3058a98bc7c005) Importer(815301076,1909f56bfc062723c751e8b465ee728b)  -> (artifact id: '14db48ffaa72910d6a492fdba8712911') in 0.461352 seconds 
========================================================================
Received Import Request.
  Time since last request: 184.636271 seconds.
  path: Assets/3d/JJ/jj (2).fbx
  artifactKey: Guid(707945ee5ccb2c04ead461d12d93f341) Importer(815301076,1909f56bfc062723c751e8b465ee728b)
Start importing Assets/3d/JJ/jj (2).fbx using Guid(707945ee5ccb2c04ead461d12d93f341) Importer(815301076,1909f56bfc062723c751e8b465ee728b)  -> (artifact id: 'e5f2e3139837694b08bb534ec791f0a9') in 0.213151 seconds 
========================================================================
Received Import Request.
  Time since last request: 43.374152 seconds.
  path: Assets/3d/JJ/jj (2).fbx
  artifactKey: Guid(707945ee5ccb2c04ead461d12d93f341) Importer(815301076,1909f56bfc062723c751e8b465ee728b)
Start importing Assets/3d/JJ/jj (2).fbx using Guid(707945ee5ccb2c04ead461d12d93f341) Importer(815301076,1909f56bfc062723c751e8b465ee728b)  -> (artifact id: '8bdd816dc28a3e100deca259aa4a7fce') in 0.240737 seconds 
========================================================================
Received Import Request.
  Time since last request: 175.365722 seconds.
  path: Assets/3d/JJ/jj (2).fbx
  artifactKey: Guid(707945ee5ccb2c04ead461d12d93f341) Importer(815301076,1909f56bfc062723c751e8b465ee728b)
Start importing Assets/3d/JJ/jj (2).fbx using Guid(707945ee5ccb2c04ead461d12d93f341) Importer(815301076,1909f56bfc062723c751e8b465ee728b)  -> (artifact id: '3be71a8795980be4f85f6649291a998c') in 0.196992 seconds 
========================================================================
Received Import Request.
  Time since last request: 25.711789 seconds.
  path: Assets/3d/NP/NP2.fbx
  artifactKey: Guid(79b32e00e44035a4f9532ac8d95f06cb) Importer(815301076,1909f56bfc062723c751e8b465ee728b)
Start importing Assets/3d/NP/NP2.fbx using Guid(79b32e00e44035a4f9532ac8d95f06cb) Importer(815301076,1909f56bfc062723c751e8b465ee728b)  -> (artifact id: '202da52d00ee605237e132c60de415a3') in 0.250678 seconds 
========================================================================
Received Import Request.
  Time since last request: 942.056260 seconds.
  path: Assets/3d/NP/nP3.fbx
  artifactKey: Guid(2e6fb3d5238029e4dac920d50ab91ff6) Importer(815301076,1909f56bfc062723c751e8b465ee728b)
Start importing Assets/3d/NP/nP3.fbx using Guid(2e6fb3d5238029e4dac920d50ab91ff6) Importer(815301076,1909f56bfc062723c751e8b465ee728b)  -> (artifact id: '60f2452a2253f654348756aae2e7e7c5') in 0.252019 seconds 
========================================================================
Received Import Request.
  Time since last request: 314.287492 seconds.
  path: Assets/3d/NP/nP3.fbx
  artifactKey: Guid(2e6fb3d5238029e4dac920d50ab91ff6) Importer(815301076,1909f56bfc062723c751e8b465ee728b)
Start importing Assets/3d/NP/nP3.fbx using Guid(2e6fb3d5238029e4dac920d50ab91ff6) Importer(815301076,1909f56bfc062723c751e8b465ee728b)  -> (artifact id: 'c96fb88677d8b207c43cc9c42ca76827') in 0.288004 seconds 
========================================================================
Received Import Request.
  Time since last request: 19.406127 seconds.
  path: Assets/3d/JJ/jj2.fbx
  artifactKey: Guid(be5f69387728dec4892f6a14beb26a9e) Importer(815301076,1909f56bfc062723c751e8b465ee728b)
Start importing Assets/3d/JJ/jj2.fbx using Guid(be5f69387728dec4892f6a14beb26a9e) Importer(815301076,1909f56bfc062723c751e8b465ee728b)  -> (artifact id: '1473d4d30df6c8a66a58fb6684db28f2') in 0.226133 seconds 
========================================================================
Received Import Request.
  Time since last request: 30.854346 seconds.
  path: Assets/3d/JJ/jj2.fbx
  artifactKey: Guid(be5f69387728dec4892f6a14beb26a9e) Importer(815301076,1909f56bfc062723c751e8b465ee728b)
Start importing Assets/3d/JJ/jj2.fbx using Guid(be5f69387728dec4892f6a14beb26a9e) Importer(815301076,1909f56bfc062723c751e8b465ee728b)  -> (artifact id: '5fb906b5155e30b064fb126e2599706f') in 0.249038 seconds 
========================================================================
Received Import Request.
  Time since last request: 42.991561 seconds.
  path: Assets/3d/DR Repip/dr.repip2.fbx
  artifactKey: Guid(5c2d24bfcdd609b4e995bb69579b1fce) Importer(815301076,1909f56bfc062723c751e8b465ee728b)
Start importing Assets/3d/DR Repip/dr.repip2.fbx using Guid(5c2d24bfcdd609b4e995bb69579b1fce) Importer(815301076,1909f56bfc062723c751e8b465ee728b)  -> (artifact id: '1e3c79d2b98ef3f78970216e7d0ebdb2') in 0.533542 seconds 
========================================================================
Received Import Request.
  Time since last request: 30.557314 seconds.
  path: Assets/3d/DR Repip/dr.repip2.fbx
  artifactKey: Guid(5c2d24bfcdd609b4e995bb69579b1fce) Importer(815301076,1909f56bfc062723c751e8b465ee728b)
Start importing Assets/3d/DR Repip/dr.repip2.fbx using Guid(5c2d24bfcdd609b4e995bb69579b1fce) Importer(815301076,1909f56bfc062723c751e8b465ee728b)  -> (artifact id: '1500279f1d7289df2bbe56ed2ae13079') in 0.557440 seconds 
========================================================================
Received Prepare
Registering precompiled user dll's ...
Registered in 0.005769 seconds.
